c:\chime\amazon-chime-sdk-cpp\chime-sdk-signaling-cpp\build\_deps\protobuf-build\libprotobuf-lite.dir\release\arena.obj
c:\chime\amazon-chime-sdk-cpp\chime-sdk-signaling-cpp\build\_deps\protobuf-build\libprotobuf-lite.dir\release\parse_context.obj
c:\chime\amazon-chime-sdk-cpp\chime-sdk-signaling-cpp\build\_deps\protobuf-build\libprotobuf-lite.dir\release\strtod.obj
c:\chime\amazon-chime-sdk-cpp\chime-sdk-signaling-cpp\build\_deps\protobuf-build\libprotobuf-lite.dir\release\zero_copy_stream_impl_lite.obj
c:\chime\amazon-chime-sdk-cpp\chime-sdk-signaling-cpp\build\_deps\protobuf-build\libprotobuf-lite.dir\release\statusor.obj
c:\chime\amazon-chime-sdk-cpp\chime-sdk-signaling-cpp\build\_deps\protobuf-build\libprotobuf-lite.dir\release\stringprintf.obj
c:\chime\amazon-chime-sdk-cpp\chime-sdk-signaling-cpp\build\_deps\protobuf-build\libprotobuf-lite.dir\release\generated_enum_util.obj
c:\chime\amazon-chime-sdk-cpp\chime-sdk-signaling-cpp\build\_deps\protobuf-build\libprotobuf-lite.dir\release\int128.obj
c:\chime\amazon-chime-sdk-cpp\chime-sdk-signaling-cpp\build\_deps\protobuf-build\libprotobuf-lite.dir\release\implicit_weak_message.obj
c:\chime\amazon-chime-sdk-cpp\chime-sdk-signaling-cpp\build\_deps\protobuf-build\libprotobuf-lite.dir\release\bytestream.obj
c:\chime\amazon-chime-sdk-cpp\chime-sdk-signaling-cpp\build\_deps\protobuf-build\libprotobuf-lite.dir\release\stringpiece.obj
c:\chime\amazon-chime-sdk-cpp\chime-sdk-signaling-cpp\build\_deps\protobuf-build\libprotobuf-lite.dir\release\wire_format_lite.obj
c:\chime\amazon-chime-sdk-cpp\chime-sdk-signaling-cpp\build\_deps\protobuf-build\libprotobuf-lite.dir\release\coded_stream.obj
c:\chime\amazon-chime-sdk-cpp\chime-sdk-signaling-cpp\build\_deps\protobuf-build\libprotobuf-lite.dir\release\common.obj
c:\chime\amazon-chime-sdk-cpp\chime-sdk-signaling-cpp\build\_deps\protobuf-build\libprotobuf-lite.dir\release\zero_copy_stream_impl.obj
c:\chime\amazon-chime-sdk-cpp\chime-sdk-signaling-cpp\build\_deps\protobuf-build\libprotobuf-lite.dir\release\repeated_field.obj
c:\chime\amazon-chime-sdk-cpp\chime-sdk-signaling-cpp\build\_deps\protobuf-build\libprotobuf-lite.dir\release\zero_copy_stream.obj
c:\chime\amazon-chime-sdk-cpp\chime-sdk-signaling-cpp\build\_deps\protobuf-build\libprotobuf-lite.dir\release\message_lite.obj
c:\chime\amazon-chime-sdk-cpp\chime-sdk-signaling-cpp\build\_deps\protobuf-build\libprotobuf-lite.dir\release\strutil.obj
c:\chime\amazon-chime-sdk-cpp\chime-sdk-signaling-cpp\build\_deps\protobuf-build\libprotobuf-lite.dir\release\generated_message_util.obj
c:\chime\amazon-chime-sdk-cpp\chime-sdk-signaling-cpp\build\_deps\protobuf-build\libprotobuf-lite.dir\release\any_lite.obj
c:\chime\amazon-chime-sdk-cpp\chime-sdk-signaling-cpp\build\_deps\protobuf-build\libprotobuf-lite.dir\release\status.obj
c:\chime\amazon-chime-sdk-cpp\chime-sdk-signaling-cpp\build\_deps\protobuf-build\libprotobuf-lite.dir\release\time.obj
c:\chime\amazon-chime-sdk-cpp\chime-sdk-signaling-cpp\build\_deps\protobuf-build\libprotobuf-lite.dir\release\extension_set.obj
c:\chime\amazon-chime-sdk-cpp\chime-sdk-signaling-cpp\build\_deps\protobuf-build\libprotobuf-lite.dir\release\generated_message_table_driven_lite.obj
c:\chime\amazon-chime-sdk-cpp\chime-sdk-signaling-cpp\build\_deps\protobuf-build\libprotobuf-lite.dir\release\io_win32.obj
c:\chime\amazon-chime-sdk-cpp\chime-sdk-signaling-cpp\build\_deps\protobuf-build\libprotobuf-lite.dir\release\structurally_valid.obj
c:\chime\amazon-chime-sdk-cpp\chime-sdk-signaling-cpp\build\_deps\protobuf-build\cmakefiles\generate.stamp
c:\chime\amazon-chime-sdk-cpp\chime-sdk-signaling-cpp\build\_deps\protobuf-build\release\libprotobuf-lite.lib
c:\chime\amazon-chime-sdk-cpp\chime-sdk-signaling-cpp\build\_deps\protobuf-build\libprotobuf-lite.dir\release\version.res
c:\chime\amazon-chime-sdk-cpp\chime-sdk-signaling-cpp\build\_deps\protobuf-build\libprotobuf-lite.dir\release\libprotobuf-lite.tlog\cl.18076.write.1.tlog
c:\chime\amazon-chime-sdk-cpp\chime-sdk-signaling-cpp\build\_deps\protobuf-build\libprotobuf-lite.dir\release\libprotobuf-lite.tlog\cl.command.1.tlog
c:\chime\amazon-chime-sdk-cpp\chime-sdk-signaling-cpp\build\_deps\protobuf-build\libprotobuf-lite.dir\release\libprotobuf-lite.tlog\cl.read.1.tlog
c:\chime\amazon-chime-sdk-cpp\chime-sdk-signaling-cpp\build\_deps\protobuf-build\libprotobuf-lite.dir\release\libprotobuf-lite.tlog\custombuild.command.1.tlog
c:\chime\amazon-chime-sdk-cpp\chime-sdk-signaling-cpp\build\_deps\protobuf-build\libprotobuf-lite.dir\release\libprotobuf-lite.tlog\custombuild.read.1.tlog
c:\chime\amazon-chime-sdk-cpp\chime-sdk-signaling-cpp\build\_deps\protobuf-build\libprotobuf-lite.dir\release\libprotobuf-lite.tlog\custombuild.write.1.tlog
c:\chime\amazon-chime-sdk-cpp\chime-sdk-signaling-cpp\build\_deps\protobuf-build\libprotobuf-lite.dir\release\libprotobuf-lite.tlog\lib-link-cvtres.read.1.tlog
c:\chime\amazon-chime-sdk-cpp\chime-sdk-signaling-cpp\build\_deps\protobuf-build\libprotobuf-lite.dir\release\libprotobuf-lite.tlog\lib-link-cvtres.write.1.tlog
c:\chime\amazon-chime-sdk-cpp\chime-sdk-signaling-cpp\build\_deps\protobuf-build\libprotobuf-lite.dir\release\libprotobuf-lite.tlog\lib.command.1.tlog
c:\chime\amazon-chime-sdk-cpp\chime-sdk-signaling-cpp\build\_deps\protobuf-build\libprotobuf-lite.dir\release\libprotobuf-lite.tlog\rc.command.1.tlog
c:\chime\amazon-chime-sdk-cpp\chime-sdk-signaling-cpp\build\_deps\protobuf-build\libprotobuf-lite.dir\release\libprotobuf-lite.tlog\rc.read.1.tlog
c:\chime\amazon-chime-sdk-cpp\chime-sdk-signaling-cpp\build\_deps\protobuf-build\libprotobuf-lite.dir\release\libprotobuf-lite.tlog\rc.write.1.tlog
