c:\chime\amazon-chime-sdk-cpp\chime-sdk-signaling-cpp\build\_deps\protobuf-build\libprotoc.dir\release\command_line_interface.obj
c:\chime\amazon-chime-sdk-cpp\chime-sdk-signaling-cpp\build\_deps\protobuf-build\libprotoc.dir\release\csharp_source_generator_base.obj
c:\chime\amazon-chime-sdk-cpp\chime-sdk-signaling-cpp\build\_deps\protobuf-build\libprotoc.dir\release\java_generator_factory.obj
c:\chime\amazon-chime-sdk-cpp\chime-sdk-signaling-cpp\build\_deps\protobuf-build\libprotoc.dir\release\java_message.obj
c:\chime\amazon-chime-sdk-cpp\chime-sdk-signaling-cpp\build\_deps\protobuf-build\libprotoc.dir\release\objectivec_field.obj
c:\chime\amazon-chime-sdk-cpp\chime-sdk-signaling-cpp\build\_deps\protobuf-build\libprotoc.dir\release\plugin.pb.obj
c:\chime\amazon-chime-sdk-cpp\chime-sdk-signaling-cpp\build\_deps\protobuf-build\libprotoc.dir\release\cpp_field.obj
c:\chime\amazon-chime-sdk-cpp\chime-sdk-signaling-cpp\build\_deps\protobuf-build\libprotoc.dir\release\cpp_string_field.obj
c:\chime\amazon-chime-sdk-cpp\chime-sdk-signaling-cpp\build\_deps\protobuf-build\libprotoc.dir\release\csharp_reflection_class.obj
c:\chime\amazon-chime-sdk-cpp\chime-sdk-signaling-cpp\build\_deps\protobuf-build\libprotoc.dir\release\java_enum_lite.obj
c:\chime\amazon-chime-sdk-cpp\chime-sdk-signaling-cpp\build\_deps\protobuf-build\libprotoc.dir\release\java_name_resolver.obj
c:\chime\amazon-chime-sdk-cpp\chime-sdk-signaling-cpp\build\_deps\protobuf-build\libprotoc.dir\release\objectivec_enum.obj
c:\chime\amazon-chime-sdk-cpp\chime-sdk-signaling-cpp\build\_deps\protobuf-build\libprotoc.dir\release\objectivec_primitive_field.obj
c:\chime\amazon-chime-sdk-cpp\chime-sdk-signaling-cpp\build\_deps\protobuf-build\libprotoc.dir\release\cpp_map_field.obj
c:\chime\amazon-chime-sdk-cpp\chime-sdk-signaling-cpp\build\_deps\protobuf-build\libprotoc.dir\release\cpp_service.obj
c:\chime\amazon-chime-sdk-cpp\chime-sdk-signaling-cpp\build\_deps\protobuf-build\libprotoc.dir\release\csharp_map_field.obj
c:\chime\amazon-chime-sdk-cpp\chime-sdk-signaling-cpp\build\_deps\protobuf-build\libprotoc.dir\release\csharp_repeated_message_field.obj
c:\chime\amazon-chime-sdk-cpp\chime-sdk-signaling-cpp\build\_deps\protobuf-build\libprotoc.dir\release\java_field.obj
c:\chime\amazon-chime-sdk-cpp\chime-sdk-signaling-cpp\build\_deps\protobuf-build\libprotoc.dir\release\java_message_field.obj
c:\chime\amazon-chime-sdk-cpp\chime-sdk-signaling-cpp\build\_deps\protobuf-build\libprotoc.dir\release\js_generator.obj
c:\chime\amazon-chime-sdk-cpp\chime-sdk-signaling-cpp\build\_deps\protobuf-build\libprotoc.dir\release\subprocess.obj
c:\chime\amazon-chime-sdk-cpp\chime-sdk-signaling-cpp\build\_deps\protobuf-build\libprotoc.dir\release\cpp_message.obj
c:\chime\amazon-chime-sdk-cpp\chime-sdk-signaling-cpp\build\_deps\protobuf-build\libprotoc.dir\release\java_file.obj
c:\chime\amazon-chime-sdk-cpp\chime-sdk-signaling-cpp\build\_deps\protobuf-build\libprotoc.dir\release\java_shared_code_generator.obj
c:\chime\amazon-chime-sdk-cpp\chime-sdk-signaling-cpp\build\_deps\protobuf-build\libprotoc.dir\release\objectivec_message.obj
c:\chime\amazon-chime-sdk-cpp\chime-sdk-signaling-cpp\build\_deps\protobuf-build\libprotoc.dir\release\cpp_helpers.obj
c:\chime\amazon-chime-sdk-cpp\chime-sdk-signaling-cpp\build\_deps\protobuf-build\libprotoc.dir\release\java_context.obj
c:\chime\amazon-chime-sdk-cpp\chime-sdk-signaling-cpp\build\_deps\protobuf-build\libprotoc.dir\release\java_message_builder.obj
c:\chime\amazon-chime-sdk-cpp\chime-sdk-signaling-cpp\build\_deps\protobuf-build\libprotoc.dir\release\objectivec_enum_field.obj
c:\chime\amazon-chime-sdk-cpp\chime-sdk-signaling-cpp\build\_deps\protobuf-build\libprotoc.dir\release\objectivec_map_field.obj
c:\chime\amazon-chime-sdk-cpp\chime-sdk-signaling-cpp\build\_deps\protobuf-build\libprotoc.dir\release\zip_writer.obj
c:\chime\amazon-chime-sdk-cpp\chime-sdk-signaling-cpp\build\_deps\protobuf-build\libprotoc.dir\release\cpp_file.obj
c:\chime\amazon-chime-sdk-cpp\chime-sdk-signaling-cpp\build\_deps\protobuf-build\libprotoc.dir\release\java_enum.obj
c:\chime\amazon-chime-sdk-cpp\chime-sdk-signaling-cpp\build\_deps\protobuf-build\libprotoc.dir\release\java_map_field.obj
c:\chime\amazon-chime-sdk-cpp\chime-sdk-signaling-cpp\build\_deps\protobuf-build\libprotoc.dir\release\java_string_field.obj
c:\chime\amazon-chime-sdk-cpp\chime-sdk-signaling-cpp\build\_deps\protobuf-build\libprotoc.dir\release\objectivec_message_field.obj
c:\chime\amazon-chime-sdk-cpp\chime-sdk-signaling-cpp\build\_deps\protobuf-build\libprotoc.dir\release\cpp_extension.obj
c:\chime\amazon-chime-sdk-cpp\chime-sdk-signaling-cpp\build\_deps\protobuf-build\libprotoc.dir\release\csharp_enum_field.obj
c:\chime\amazon-chime-sdk-cpp\chime-sdk-signaling-cpp\build\_deps\protobuf-build\libprotoc.dir\release\csharp_helpers.obj
c:\chime\amazon-chime-sdk-cpp\chime-sdk-signaling-cpp\build\_deps\protobuf-build\libprotoc.dir\release\csharp_wrapper_field.obj
c:\chime\amazon-chime-sdk-cpp\chime-sdk-signaling-cpp\build\_deps\protobuf-build\libprotoc.dir\release\java_helpers.obj
c:\chime\amazon-chime-sdk-cpp\chime-sdk-signaling-cpp\build\_deps\protobuf-build\libprotoc.dir\release\java_primitive_field_lite.obj
c:\chime\amazon-chime-sdk-cpp\chime-sdk-signaling-cpp\build\_deps\protobuf-build\libprotoc.dir\release\objectivec_helpers.obj
c:\chime\amazon-chime-sdk-cpp\chime-sdk-signaling-cpp\build\_deps\protobuf-build\libprotoc.dir\release\cpp_generator.obj
c:\chime\amazon-chime-sdk-cpp\chime-sdk-signaling-cpp\build\_deps\protobuf-build\libprotoc.dir\release\csharp_enum.obj
c:\chime\amazon-chime-sdk-cpp\chime-sdk-signaling-cpp\build\_deps\protobuf-build\libprotoc.dir\release\csharp_primitive_field.obj
c:\chime\amazon-chime-sdk-cpp\chime-sdk-signaling-cpp\build\_deps\protobuf-build\libprotoc.dir\release\java_doc_comment.obj
c:\chime\amazon-chime-sdk-cpp\chime-sdk-signaling-cpp\build\_deps\protobuf-build\libprotoc.dir\release\java_generator.obj
c:\chime\amazon-chime-sdk-cpp\chime-sdk-signaling-cpp\build\_deps\protobuf-build\libprotoc.dir\release\java_primitive_field.obj
c:\chime\amazon-chime-sdk-cpp\chime-sdk-signaling-cpp\build\_deps\protobuf-build\libprotoc.dir\release\objectivec_generator.obj
c:\chime\amazon-chime-sdk-cpp\chime-sdk-signaling-cpp\build\_deps\protobuf-build\libprotoc.dir\release\python_generator.obj
c:\chime\amazon-chime-sdk-cpp\chime-sdk-signaling-cpp\build\_deps\protobuf-build\libprotoc.dir\release\code_generator.obj
c:\chime\amazon-chime-sdk-cpp\chime-sdk-signaling-cpp\build\_deps\protobuf-build\libprotoc.dir\release\cpp_padding_optimizer.obj
c:\chime\amazon-chime-sdk-cpp\chime-sdk-signaling-cpp\build\_deps\protobuf-build\libprotoc.dir\release\csharp_field_base.obj
c:\chime\amazon-chime-sdk-cpp\chime-sdk-signaling-cpp\build\_deps\protobuf-build\libprotoc.dir\release\java_enum_field.obj
c:\chime\amazon-chime-sdk-cpp\chime-sdk-signaling-cpp\build\_deps\protobuf-build\libprotoc.dir\release\java_message_lite.obj
c:\chime\amazon-chime-sdk-cpp\chime-sdk-signaling-cpp\build\_deps\protobuf-build\libprotoc.dir\release\objectivec_file.obj
c:\chime\amazon-chime-sdk-cpp\chime-sdk-signaling-cpp\build\_deps\protobuf-build\libprotoc.dir\release\ruby_generator.obj
c:\chime\amazon-chime-sdk-cpp\chime-sdk-signaling-cpp\build\_deps\protobuf-build\libprotoc.dir\release\cpp_message_field.obj
c:\chime\amazon-chime-sdk-cpp\chime-sdk-signaling-cpp\build\_deps\protobuf-build\libprotoc.dir\release\csharp_doc_comment.obj
c:\chime\amazon-chime-sdk-cpp\chime-sdk-signaling-cpp\build\_deps\protobuf-build\libprotoc.dir\release\csharp_message.obj
c:\chime\amazon-chime-sdk-cpp\chime-sdk-signaling-cpp\build\_deps\protobuf-build\libprotoc.dir\release\java_enum_field_lite.obj
c:\chime\amazon-chime-sdk-cpp\chime-sdk-signaling-cpp\build\_deps\protobuf-build\libprotoc.dir\release\java_message_field_lite.obj
c:\chime\amazon-chime-sdk-cpp\chime-sdk-signaling-cpp\build\_deps\protobuf-build\libprotoc.dir\release\well_known_types_embed.obj
c:\chime\amazon-chime-sdk-cpp\chime-sdk-signaling-cpp\build\_deps\protobuf-build\libprotoc.dir\release\objectivec_extension.obj
c:\chime\amazon-chime-sdk-cpp\chime-sdk-signaling-cpp\build\_deps\protobuf-build\libprotoc.dir\release\plugin.obj
c:\chime\amazon-chime-sdk-cpp\chime-sdk-signaling-cpp\build\_deps\protobuf-build\libprotoc.dir\release\cpp_enum_field.obj
c:\chime\amazon-chime-sdk-cpp\chime-sdk-signaling-cpp\build\_deps\protobuf-build\libprotoc.dir\release\cpp_primitive_field.obj
c:\chime\amazon-chime-sdk-cpp\chime-sdk-signaling-cpp\build\_deps\protobuf-build\libprotoc.dir\release\csharp_message_field.obj
c:\chime\amazon-chime-sdk-cpp\chime-sdk-signaling-cpp\build\_deps\protobuf-build\libprotoc.dir\release\csharp_repeated_primitive_field.obj
c:\chime\amazon-chime-sdk-cpp\chime-sdk-signaling-cpp\build\_deps\protobuf-build\libprotoc.dir\release\java_extension_lite.obj
c:\chime\amazon-chime-sdk-cpp\chime-sdk-signaling-cpp\build\_deps\protobuf-build\libprotoc.dir\release\java_map_field_lite.obj
c:\chime\amazon-chime-sdk-cpp\chime-sdk-signaling-cpp\build\_deps\protobuf-build\libprotoc.dir\release\java_service.obj
c:\chime\amazon-chime-sdk-cpp\chime-sdk-signaling-cpp\build\_deps\protobuf-build\libprotoc.dir\release\objectivec_oneof.obj
c:\chime\amazon-chime-sdk-cpp\chime-sdk-signaling-cpp\build\_deps\protobuf-build\libprotoc.dir\release\cpp_enum.obj
c:\chime\amazon-chime-sdk-cpp\chime-sdk-signaling-cpp\build\_deps\protobuf-build\libprotoc.dir\release\csharp_generator.obj
c:\chime\amazon-chime-sdk-cpp\chime-sdk-signaling-cpp\build\_deps\protobuf-build\libprotoc.dir\release\csharp_repeated_enum_field.obj
c:\chime\amazon-chime-sdk-cpp\chime-sdk-signaling-cpp\build\_deps\protobuf-build\libprotoc.dir\release\java_extension.obj
c:\chime\amazon-chime-sdk-cpp\chime-sdk-signaling-cpp\build\_deps\protobuf-build\libprotoc.dir\release\java_message_builder_lite.obj
c:\chime\amazon-chime-sdk-cpp\chime-sdk-signaling-cpp\build\_deps\protobuf-build\libprotoc.dir\release\java_string_field_lite.obj
c:\chime\amazon-chime-sdk-cpp\chime-sdk-signaling-cpp\build\_deps\protobuf-build\libprotoc.dir\release\php_generator.obj
c:\chime\amazon-chime-sdk-cpp\chime-sdk-signaling-cpp\build\_deps\protobuf-build\cmakefiles\generate.stamp
c:\chime\amazon-chime-sdk-cpp\chime-sdk-signaling-cpp\build\_deps\protobuf-build\release\libprotoc.lib
c:\chime\amazon-chime-sdk-cpp\chime-sdk-signaling-cpp\build\_deps\protobuf-build\libprotoc.dir\release\version.res
c:\chime\amazon-chime-sdk-cpp\chime-sdk-signaling-cpp\build\_deps\protobuf-build\libprotoc.dir\release\libprotoc.tlog\cl.11032.write.1.tlog
c:\chime\amazon-chime-sdk-cpp\chime-sdk-signaling-cpp\build\_deps\protobuf-build\libprotoc.dir\release\libprotoc.tlog\cl.command.1.tlog
c:\chime\amazon-chime-sdk-cpp\chime-sdk-signaling-cpp\build\_deps\protobuf-build\libprotoc.dir\release\libprotoc.tlog\cl.read.1.tlog
c:\chime\amazon-chime-sdk-cpp\chime-sdk-signaling-cpp\build\_deps\protobuf-build\libprotoc.dir\release\libprotoc.tlog\custombuild.command.1.tlog
c:\chime\amazon-chime-sdk-cpp\chime-sdk-signaling-cpp\build\_deps\protobuf-build\libprotoc.dir\release\libprotoc.tlog\custombuild.read.1.tlog
c:\chime\amazon-chime-sdk-cpp\chime-sdk-signaling-cpp\build\_deps\protobuf-build\libprotoc.dir\release\libprotoc.tlog\custombuild.write.1.tlog
c:\chime\amazon-chime-sdk-cpp\chime-sdk-signaling-cpp\build\_deps\protobuf-build\libprotoc.dir\release\libprotoc.tlog\lib-link-cvtres.read.1.tlog
c:\chime\amazon-chime-sdk-cpp\chime-sdk-signaling-cpp\build\_deps\protobuf-build\libprotoc.dir\release\libprotoc.tlog\lib-link-cvtres.write.1.tlog
c:\chime\amazon-chime-sdk-cpp\chime-sdk-signaling-cpp\build\_deps\protobuf-build\libprotoc.dir\release\libprotoc.tlog\lib.command.1.tlog
c:\chime\amazon-chime-sdk-cpp\chime-sdk-signaling-cpp\build\_deps\protobuf-build\libprotoc.dir\release\libprotoc.tlog\rc.command.1.tlog
c:\chime\amazon-chime-sdk-cpp\chime-sdk-signaling-cpp\build\_deps\protobuf-build\libprotoc.dir\release\libprotoc.tlog\rc.read.1.tlog
c:\chime\amazon-chime-sdk-cpp\chime-sdk-signaling-cpp\build\_deps\protobuf-build\libprotoc.dir\release\libprotoc.tlog\rc.write.1.tlog
