c:\chime\amazon-chime-sdk-cpp\chime-sdk-signaling-cpp\build\amazon-chime-signaling-sdk-cpp-lib.dir\release\video_control.pb.obj
c:\chime\amazon-chime-sdk-cpp\chime-sdk-signaling-cpp\build\amazon-chime-signaling-sdk-cpp-lib.dir\release\default_websocket_factory.obj
c:\chime\amazon-chime-sdk-cpp\chime-sdk-signaling-cpp\build\amazon-chime-signaling-sdk-cpp-lib.dir\release\libwebsockets_websocket.obj
c:\chime\amazon-chime-sdk-cpp\chime-sdk-signaling-cpp\build\amazon-chime-signaling-sdk-cpp-lib.dir\release\logging.obj
c:\chime\amazon-chime-sdk-cpp\chime-sdk-signaling-cpp\build\amazon-chime-signaling-sdk-cpp-lib.dir\release\default_signaling_client_factory.obj
c:\chime\amazon-chime-sdk-cpp\chime-sdk-signaling-cpp\build\amazon-chime-signaling-sdk-cpp-lib.dir\release\default_signaling_client.obj
c:\chime\amazon-chime-sdk-cpp\chime-sdk-signaling-cpp\build\amazon-chime-signaling-sdk-cpp-lib.dir\release\websocket_signaling_transport.obj
c:\chime\amazon-chime-sdk-cpp\chime-sdk-signaling-cpp\build\amazon-chime-signaling-sdk-cpp-lib.dir\release\default_signaling_transport_factory.obj
c:\chime\amazon-chime-sdk-cpp\chime-sdk-signaling-cpp\build\amazon-chime-signaling-sdk-cpp-lib.dir\release\default_audio_frame_adapter.obj
c:\chime\amazon-chime-sdk-cpp\chime-sdk-signaling-cpp\build\amazon-chime-signaling-sdk-cpp-lib.dir\release\trusted.obj
c:\chime\amazon-chime-sdk-cpp\chime-sdk-signaling-cpp\build\cmakefiles\generate.stamp
c:\chime\amazon-chime-sdk-cpp\chime-sdk-signaling-cpp\build\release\amazon-chime-signaling-sdk-cpp-lib.lib
c:\chime\amazon-chime-sdk-cpp\chime-sdk-signaling-cpp\build\amazon-chime-signaling-sdk-cpp-lib.dir\release\amazon-c.0cec5c61.tlog\cl.command.1.tlog
c:\chime\amazon-chime-sdk-cpp\chime-sdk-signaling-cpp\build\amazon-chime-signaling-sdk-cpp-lib.dir\release\amazon-c.0cec5c61.tlog\cl.read.1.tlog
c:\chime\amazon-chime-sdk-cpp\chime-sdk-signaling-cpp\build\amazon-chime-signaling-sdk-cpp-lib.dir\release\amazon-c.0cec5c61.tlog\cl.write.1.tlog
c:\chime\amazon-chime-sdk-cpp\chime-sdk-signaling-cpp\build\amazon-chime-signaling-sdk-cpp-lib.dir\release\amazon-c.0cec5c61.tlog\custombuild.command.1.tlog
c:\chime\amazon-chime-sdk-cpp\chime-sdk-signaling-cpp\build\amazon-chime-signaling-sdk-cpp-lib.dir\release\amazon-c.0cec5c61.tlog\custombuild.read.1.tlog
c:\chime\amazon-chime-sdk-cpp\chime-sdk-signaling-cpp\build\amazon-chime-signaling-sdk-cpp-lib.dir\release\amazon-c.0cec5c61.tlog\custombuild.write.1.tlog
c:\chime\amazon-chime-sdk-cpp\chime-sdk-signaling-cpp\build\amazon-chime-signaling-sdk-cpp-lib.dir\release\amazon-c.0cec5c61.tlog\lib-link.read.1.tlog
c:\chime\amazon-chime-sdk-cpp\chime-sdk-signaling-cpp\build\amazon-chime-signaling-sdk-cpp-lib.dir\release\amazon-c.0cec5c61.tlog\lib-link.write.1.tlog
c:\chime\amazon-chime-sdk-cpp\chime-sdk-signaling-cpp\build\amazon-chime-signaling-sdk-cpp-lib.dir\release\amazon-c.0cec5c61.tlog\lib.command.1.tlog
