c:\chime\amazon-chime-sdk-cpp\chime-sdk-signaling-cpp\build\_deps\libwebsockets-build\lib\websockets.dir\release\gettimeofday.obj
c:\chime\amazon-chime-sdk-cpp\chime-sdk-signaling-cpp\build\_deps\libwebsockets-build\lib\websockets.dir\release\alloc.obj
c:\chime\amazon-chime-sdk-cpp\chime-sdk-signaling-cpp\build\_deps\libwebsockets-build\lib\websockets.dir\release\openssl-client.obj
c:\chime\amazon-chime-sdk-cpp\chime-sdk-signaling-cpp\build\_deps\libwebsockets-build\lib\websockets.dir\release\tls-client.obj
c:\chime\amazon-chime-sdk-cpp\chime-sdk-signaling-cpp\build\_deps\libwebsockets-build\lib\websockets.dir\release\openssl-server.obj
c:\chime\amazon-chime-sdk-cpp\chime-sdk-signaling-cpp\build\_deps\libwebsockets-build\lib\websockets.dir\release\tls-server.obj
c:\chime\amazon-chime-sdk-cpp\chime-sdk-signaling-cpp\build\_deps\libwebsockets-build\lib\websockets.dir\release\openssl-session.obj
c:\chime\amazon-chime-sdk-cpp\chime-sdk-signaling-cpp\build\_deps\libwebsockets-build\lib\websockets.dir\release\openssl-ssl.obj
c:\chime\amazon-chime-sdk-cpp\chime-sdk-signaling-cpp\build\_deps\libwebsockets-build\lib\websockets.dir\release\openssl-x509.obj
c:\chime\amazon-chime-sdk-cpp\chime-sdk-signaling-cpp\build\_deps\libwebsockets-build\lib\websockets.dir\release\openssl-tls.obj
c:\chime\amazon-chime-sdk-cpp\chime-sdk-signaling-cpp\build\_deps\libwebsockets-build\lib\websockets.dir\release\tls-sessions.obj
c:\chime\amazon-chime-sdk-cpp\chime-sdk-signaling-cpp\build\_deps\libwebsockets-build\lib\websockets.dir\release\tls-network.obj
c:\chime\amazon-chime-sdk-cpp\chime-sdk-signaling-cpp\build\_deps\libwebsockets-build\lib\websockets.dir\release\tls.obj
c:\chime\amazon-chime-sdk-cpp\chime-sdk-signaling-cpp\build\_deps\libwebsockets-build\lib\websockets.dir\release\windows-sockets.obj
c:\chime\amazon-chime-sdk-cpp\chime-sdk-signaling-cpp\build\_deps\libwebsockets-build\lib\websockets.dir\release\windows-service.obj
c:\chime\amazon-chime-sdk-cpp\chime-sdk-signaling-cpp\build\_deps\libwebsockets-build\lib\websockets.dir\release\windows-plugins.obj
c:\chime\amazon-chime-sdk-cpp\chime-sdk-signaling-cpp\build\_deps\libwebsockets-build\lib\websockets.dir\release\windows-pipe.obj
c:\chime\amazon-chime-sdk-cpp\chime-sdk-signaling-cpp\build\_deps\libwebsockets-build\lib\websockets.dir\release\windows-misc.obj
c:\chime\amazon-chime-sdk-cpp\chime-sdk-signaling-cpp\build\_deps\libwebsockets-build\lib\websockets.dir\release\windows-init.obj
c:\chime\amazon-chime-sdk-cpp\chime-sdk-signaling-cpp\build\_deps\libwebsockets-build\lib\websockets.dir\release\windows-file.obj
c:\chime\amazon-chime-sdk-cpp\chime-sdk-signaling-cpp\build\_deps\libwebsockets-build\lib\websockets.dir\release\windows-fds.obj
c:\chime\amazon-chime-sdk-cpp\chime-sdk-signaling-cpp\build\_deps\libwebsockets-build\lib\websockets.dir\release\dummy-callback.obj
c:\chime\amazon-chime-sdk-cpp\chime-sdk-signaling-cpp\build\_deps\libwebsockets-build\lib\websockets.dir\release\system.obj
c:\chime\amazon-chime-sdk-cpp\chime-sdk-signaling-cpp\build\_deps\libwebsockets-build\lib\websockets.dir\release\lejp.obj
c:\chime\amazon-chime-sdk-cpp\chime-sdk-signaling-cpp\build\_deps\libwebsockets-build\lib\websockets.dir\release\sha-1.obj
c:\chime\amazon-chime-sdk-cpp\chime-sdk-signaling-cpp\build\_deps\libwebsockets-build\lib\websockets.dir\release\cached-file.obj
c:\chime\amazon-chime-sdk-cpp\chime-sdk-signaling-cpp\build\_deps\libwebsockets-build\lib\websockets.dir\release\lwsac.obj
c:\chime\amazon-chime-sdk-cpp\chime-sdk-signaling-cpp\build\_deps\libwebsockets-build\lib\websockets.dir\release\dir.obj
c:\chime\amazon-chime-sdk-cpp\chime-sdk-signaling-cpp\build\_deps\libwebsockets-build\lib\websockets.dir\release\file.obj
c:\chime\amazon-chime-sdk-cpp\chime-sdk-signaling-cpp\build\_deps\libwebsockets-build\lib\websockets.dir\release\heap.obj
c:\chime\amazon-chime-sdk-cpp\chime-sdk-signaling-cpp\build\_deps\libwebsockets-build\lib\websockets.dir\release\lws-cache-ttl.obj
c:\chime\amazon-chime-sdk-cpp\chime-sdk-signaling-cpp\build\_deps\libwebsockets-build\lib\websockets.dir\release\lws-ring.obj
c:\chime\amazon-chime-sdk-cpp\chime-sdk-signaling-cpp\build\_deps\libwebsockets-build\lib\websockets.dir\release\prng.obj
c:\chime\amazon-chime-sdk-cpp\chime-sdk-signaling-cpp\build\_deps\libwebsockets-build\lib\websockets.dir\release\base64-decode.obj
c:\chime\amazon-chime-sdk-cpp\chime-sdk-signaling-cpp\build\_deps\libwebsockets-build\lib\websockets.dir\release\vfs.obj
c:\chime\amazon-chime-sdk-cpp\chime-sdk-signaling-cpp\build\_deps\libwebsockets-build\lib\websockets.dir\release\logs.obj
c:\chime\amazon-chime-sdk-cpp\chime-sdk-signaling-cpp\build\_deps\libwebsockets-build\lib\websockets.dir\release\libwebsockets.obj
c:\chime\amazon-chime-sdk-cpp\chime-sdk-signaling-cpp\build\_deps\libwebsockets-build\lib\websockets.dir\release\lws_map.obj
c:\chime\amazon-chime-sdk-cpp\chime-sdk-signaling-cpp\build\_deps\libwebsockets-build\lib\websockets.dir\release\lws_dll2.obj
c:\chime\amazon-chime-sdk-cpp\chime-sdk-signaling-cpp\build\_deps\libwebsockets-build\lib\websockets.dir\release\context.obj
c:\chime\amazon-chime-sdk-cpp\chime-sdk-signaling-cpp\build\_deps\libwebsockets-build\lib\websockets.dir\release\buflist.obj
c:\chime\amazon-chime-sdk-cpp\chime-sdk-signaling-cpp\build\_deps\libwebsockets-build\lib\websockets.dir\release\header.obj
c:\chime\amazon-chime-sdk-cpp\chime-sdk-signaling-cpp\build\_deps\libwebsockets-build\lib\websockets.dir\release\conmon.obj
c:\chime\amazon-chime-sdk-cpp\chime-sdk-signaling-cpp\build\_deps\libwebsockets-build\lib\websockets.dir\release\sort-dns.obj
c:\chime\amazon-chime-sdk-cpp\chime-sdk-signaling-cpp\build\_deps\libwebsockets-build\lib\websockets.dir\release\connect4.obj
c:\chime\amazon-chime-sdk-cpp\chime-sdk-signaling-cpp\build\_deps\libwebsockets-build\lib\websockets.dir\release\connect3.obj
c:\chime\amazon-chime-sdk-cpp\chime-sdk-signaling-cpp\build\_deps\libwebsockets-build\lib\websockets.dir\release\connect2.obj
c:\chime\amazon-chime-sdk-cpp\chime-sdk-signaling-cpp\build\_deps\libwebsockets-build\lib\websockets.dir\release\connect.obj
c:\chime\amazon-chime-sdk-cpp\chime-sdk-signaling-cpp\build\_deps\libwebsockets-build\lib\websockets.dir\release\client.obj
c:\chime\amazon-chime-sdk-cpp\chime-sdk-signaling-cpp\build\_deps\libwebsockets-build\lib\websockets.dir\release\state.obj
c:\chime\amazon-chime-sdk-cpp\chime-sdk-signaling-cpp\build\_deps\libwebsockets-build\lib\websockets.dir\release\ops-pipe.obj
c:\chime\amazon-chime-sdk-cpp\chime-sdk-signaling-cpp\build\_deps\libwebsockets-build\lib\websockets.dir\release\adopt.obj
c:\chime\amazon-chime-sdk-cpp\chime-sdk-signaling-cpp\build\_deps\libwebsockets-build\lib\websockets.dir\release\wsi-timeout.obj
c:\chime\amazon-chime-sdk-cpp\chime-sdk-signaling-cpp\build\_deps\libwebsockets-build\lib\websockets.dir\release\wsi.obj
c:\chime\amazon-chime-sdk-cpp\chime-sdk-signaling-cpp\build\_deps\libwebsockets-build\lib\websockets.dir\release\sorted-usec-list.obj
c:\chime\amazon-chime-sdk-cpp\chime-sdk-signaling-cpp\build\_deps\libwebsockets-build\lib\websockets.dir\release\service.obj
c:\chime\amazon-chime-sdk-cpp\chime-sdk-signaling-cpp\build\_deps\libwebsockets-build\lib\websockets.dir\release\pollfd.obj
c:\chime\amazon-chime-sdk-cpp\chime-sdk-signaling-cpp\build\_deps\libwebsockets-build\lib\websockets.dir\release\vhost.obj
c:\chime\amazon-chime-sdk-cpp\chime-sdk-signaling-cpp\build\_deps\libwebsockets-build\lib\websockets.dir\release\network.obj
c:\chime\amazon-chime-sdk-cpp\chime-sdk-signaling-cpp\build\_deps\libwebsockets-build\lib\websockets.dir\release\close.obj
c:\chime\amazon-chime-sdk-cpp\chime-sdk-signaling-cpp\build\_deps\libwebsockets-build\lib\websockets.dir\release\output.obj
c:\chime\amazon-chime-sdk-cpp\chime-sdk-signaling-cpp\build\_deps\libwebsockets-build\lib\websockets.dir\release\poll.obj
c:\chime\amazon-chime-sdk-cpp\chime-sdk-signaling-cpp\build\_deps\libwebsockets-build\lib\websockets.dir\release\client-http.obj
c:\chime\amazon-chime-sdk-cpp\chime-sdk-signaling-cpp\build\_deps\libwebsockets-build\lib\websockets.dir\release\ops-listen.obj
c:\chime\amazon-chime-sdk-cpp\chime-sdk-signaling-cpp\build\_deps\libwebsockets-build\lib\websockets.dir\release\ops-raw-file.obj
c:\chime\amazon-chime-sdk-cpp\chime-sdk-signaling-cpp\build\_deps\libwebsockets-build\lib\websockets.dir\release\ops-raw-skt.obj
c:\chime\amazon-chime-sdk-cpp\chime-sdk-signaling-cpp\build\_deps\libwebsockets-build\lib\websockets.dir\release\server-ws.obj
c:\chime\amazon-chime-sdk-cpp\chime-sdk-signaling-cpp\build\_deps\libwebsockets-build\lib\websockets.dir\release\client-parser-ws.obj
c:\chime\amazon-chime-sdk-cpp\chime-sdk-signaling-cpp\build\_deps\libwebsockets-build\lib\websockets.dir\release\client-ws.obj
c:\chime\amazon-chime-sdk-cpp\chime-sdk-signaling-cpp\build\_deps\libwebsockets-build\lib\websockets.dir\release\ops-ws.obj
c:\chime\amazon-chime-sdk-cpp\chime-sdk-signaling-cpp\build\_deps\libwebsockets-build\lib\websockets.dir\release\ops-h2.obj
c:\chime\amazon-chime-sdk-cpp\chime-sdk-signaling-cpp\build\_deps\libwebsockets-build\lib\websockets.dir\release\hpack.obj
c:\chime\amazon-chime-sdk-cpp\chime-sdk-signaling-cpp\build\_deps\libwebsockets-build\lib\websockets.dir\release\http2.obj
c:\chime\amazon-chime-sdk-cpp\chime-sdk-signaling-cpp\build\_deps\libwebsockets-build\lib\websockets.dir\release\ops-h1.obj
c:\chime\amazon-chime-sdk-cpp\chime-sdk-signaling-cpp\build\_deps\libwebsockets-build\lib\websockets.dir\release\lejp-conf.obj
c:\chime\amazon-chime-sdk-cpp\chime-sdk-signaling-cpp\build\_deps\libwebsockets-build\lib\websockets.dir\release\cookie.obj
c:\chime\amazon-chime-sdk-cpp\chime-sdk-signaling-cpp\build\_deps\libwebsockets-build\lib\websockets.dir\release\lws-spa.obj
c:\chime\amazon-chime-sdk-cpp\chime-sdk-signaling-cpp\build\_deps\libwebsockets-build\lib\websockets.dir\release\server.obj
c:\chime\amazon-chime-sdk-cpp\chime-sdk-signaling-cpp\build\_deps\libwebsockets-build\lib\websockets.dir\release\parsers.obj
c:\chime\amazon-chime-sdk-cpp\chime-sdk-signaling-cpp\build\_deps\libwebsockets-build\lib\websockets.dir\release\date.obj
c:\chime\amazon-chime-sdk-cpp\chime-sdk-signaling-cpp\build\_deps\libwebsockets-build\lib\cmakefiles\generate.stamp
c:\chime\amazon-chime-sdk-cpp\chime-sdk-signaling-cpp\build\_deps\libwebsockets-build\lib\release\websockets_static.lib
c:\chime\amazon-chime-sdk-cpp\chime-sdk-signaling-cpp\build\_deps\libwebsockets-build\lib\websockets.dir\release\websockets.tlog\cl.command.1.tlog
c:\chime\amazon-chime-sdk-cpp\chime-sdk-signaling-cpp\build\_deps\libwebsockets-build\lib\websockets.dir\release\websockets.tlog\cl.read.1.tlog
c:\chime\amazon-chime-sdk-cpp\chime-sdk-signaling-cpp\build\_deps\libwebsockets-build\lib\websockets.dir\release\websockets.tlog\cl.write.1.tlog
c:\chime\amazon-chime-sdk-cpp\chime-sdk-signaling-cpp\build\_deps\libwebsockets-build\lib\websockets.dir\release\websockets.tlog\custombuild.command.1.tlog
c:\chime\amazon-chime-sdk-cpp\chime-sdk-signaling-cpp\build\_deps\libwebsockets-build\lib\websockets.dir\release\websockets.tlog\custombuild.read.1.tlog
c:\chime\amazon-chime-sdk-cpp\chime-sdk-signaling-cpp\build\_deps\libwebsockets-build\lib\websockets.dir\release\websockets.tlog\custombuild.write.1.tlog
c:\chime\amazon-chime-sdk-cpp\chime-sdk-signaling-cpp\build\_deps\libwebsockets-build\lib\websockets.dir\release\websockets.tlog\lib-link.read.1.tlog
c:\chime\amazon-chime-sdk-cpp\chime-sdk-signaling-cpp\build\_deps\libwebsockets-build\lib\websockets.dir\release\websockets.tlog\lib-link.write.1.tlog
c:\chime\amazon-chime-sdk-cpp\chime-sdk-signaling-cpp\build\_deps\libwebsockets-build\lib\websockets.dir\release\websockets.tlog\lib.command.1.tlog
