c:\chime\amazon-chime-sdk-cpp\chime-sdk-signaling-cpp\build\cmakefiles\generate.stamp
c:\chime\amazon-chime-sdk-cpp\chime-sdk-signaling-cpp\build\_deps\libwebsockets-build\cmakefiles\generate.stamp
c:\chime\amazon-chime-sdk-cpp\chime-sdk-signaling-cpp\build\_deps\libwebsockets-build\lib\cmakefiles\generate.stamp
c:\chime\amazon-chime-sdk-cpp\chime-sdk-signaling-cpp\build\_deps\libwebsockets-build\lib\plat\windows\cmakefiles\generate.stamp
c:\chime\amazon-chime-sdk-cpp\chime-sdk-signaling-cpp\build\_deps\libwebsockets-build\lib\tls\cmakefiles\generate.stamp
c:\chime\amazon-chime-sdk-cpp\chime-sdk-signaling-cpp\build\_deps\libwebsockets-build\lib\core\cmakefiles\generate.stamp
c:\chime\amazon-chime-sdk-cpp\chime-sdk-signaling-cpp\build\_deps\libwebsockets-build\lib\misc\cmakefiles\generate.stamp
c:\chime\amazon-chime-sdk-cpp\chime-sdk-signaling-cpp\build\_deps\libwebsockets-build\lib\system\cmakefiles\generate.stamp
c:\chime\amazon-chime-sdk-cpp\chime-sdk-signaling-cpp\build\_deps\libwebsockets-build\lib\system\metrics\cmakefiles\generate.stamp
c:\chime\amazon-chime-sdk-cpp\chime-sdk-signaling-cpp\build\_deps\libwebsockets-build\lib\core-net\cmakefiles\generate.stamp
c:\chime\amazon-chime-sdk-cpp\chime-sdk-signaling-cpp\build\_deps\libwebsockets-build\lib\roles\cmakefiles\generate.stamp
c:\chime\amazon-chime-sdk-cpp\chime-sdk-signaling-cpp\build\_deps\libwebsockets-build\lib\roles\http\cmakefiles\generate.stamp
c:\chime\amazon-chime-sdk-cpp\chime-sdk-signaling-cpp\build\_deps\libwebsockets-build\lib\roles\h1\cmakefiles\generate.stamp
c:\chime\amazon-chime-sdk-cpp\chime-sdk-signaling-cpp\build\_deps\libwebsockets-build\lib\roles\h2\cmakefiles\generate.stamp
c:\chime\amazon-chime-sdk-cpp\chime-sdk-signaling-cpp\build\_deps\libwebsockets-build\lib\roles\ws\cmakefiles\generate.stamp
c:\chime\amazon-chime-sdk-cpp\chime-sdk-signaling-cpp\build\_deps\libwebsockets-build\lib\roles\raw-skt\cmakefiles\generate.stamp
c:\chime\amazon-chime-sdk-cpp\chime-sdk-signaling-cpp\build\_deps\libwebsockets-build\lib\roles\raw-file\cmakefiles\generate.stamp
c:\chime\amazon-chime-sdk-cpp\chime-sdk-signaling-cpp\build\_deps\libwebsockets-build\lib\roles\listen\cmakefiles\generate.stamp
c:\chime\amazon-chime-sdk-cpp\chime-sdk-signaling-cpp\build\_deps\libwebsockets-build\lib\event-libs\cmakefiles\generate.stamp
c:\chime\amazon-chime-sdk-cpp\chime-sdk-signaling-cpp\build\_deps\libwebsockets-build\lib\event-libs\poll\cmakefiles\generate.stamp
c:\chime\amazon-chime-sdk-cpp\chime-sdk-signaling-cpp\build\_deps\libwebsockets-build\plugins\cmakefiles\generate.stamp
c:\chime\amazon-chime-sdk-cpp\chime-sdk-signaling-cpp\build\_deps\libwebsockets-build\lwsws\cmakefiles\generate.stamp
c:\chime\amazon-chime-sdk-cpp\chime-sdk-signaling-cpp\build\_deps\protobuf-build\cmakefiles\generate.stamp
c:\chime\amazon-chime-sdk-cpp\chime-sdk-signaling-cpp\build\test\cmakefiles\generate.stamp
c:\chime\amazon-chime-sdk-cpp\chime-sdk-signaling-cpp\build\_deps\googletest-build\cmakefiles\generate.stamp
c:\chime\amazon-chime-sdk-cpp\chime-sdk-signaling-cpp\build\_deps\googletest-build\googlemock\cmakefiles\generate.stamp
c:\chime\amazon-chime-sdk-cpp\chime-sdk-signaling-cpp\build\_deps\googletest-build\googletest\cmakefiles\generate.stamp
c:\chime\amazon-chime-sdk-cpp\chime-sdk-signaling-cpp\build\x64\release\zero_check\zero_check.tlog\custombuild.command.1.tlog
c:\chime\amazon-chime-sdk-cpp\chime-sdk-signaling-cpp\build\x64\release\zero_check\zero_check.tlog\custombuild.read.1.tlog
c:\chime\amazon-chime-sdk-cpp\chime-sdk-signaling-cpp\build\x64\release\zero_check\zero_check.tlog\custombuild.write.1.tlog
